0 info it worked if it ends with ok
1 verbose cli [ 'C:\\Program Files\\nodejs\\node.exe',
1 verbose cli   'C:\\Users\\RILEY\\AppData\\Roaming\\npm\\node_modules\\npm\\bin\\npm-cli.js',
1 verbose cli   'start' ]
2 info using npm@3.10.8
3 info using node@v8.3.0
4 verbose run-script [ 'prestart', 'start', 'poststart' ]
5 info lifecycle projo@1.0.0~prestart: projo@1.0.0
6 silly lifecycle projo@1.0.0~prestart: no script for prestart, continuing
7 info lifecycle projo@1.0.0~start: projo@1.0.0
8 verbose lifecycle projo@1.0.0~start: unsafe-perm in lifecycle true
9 verbose lifecycle projo@1.0.0~start: PATH: C:\Users\RILEY\AppData\Roaming\npm\node_modules\npm\bin\node-gyp-bin;C:\Users\RILEY\Desktop\projo\node_modules\.bin;C:\Program Files\cmder\bin;C:\Program Files\cmder\vendor\conemu-maximus5\ConEmu\Scripts;C:\Program Files\cmder\vendor\conemu-maximus5;C:\Program Files\cmder\vendor\conemu-maximus5\ConEmu;C:\ProgramData\Oracle\Java\javapath;C:\Windows\system32;C:\Windows;C:\Windows\System32\Wbem;C:\Windows\System32\WindowsPowerShell\v1.0\;C:\Program Files (x86)\ATI Technologies\ATI.ACE\Core-Static;C:\Program Files (x86)\NVIDIA Corporation\PhysX\Common;C:\ProgramData\chocolatey\bin;C:\tools\python2;C:\Program Files\Git\cmd;C:\Python27;C:\Program Files\Java\jdk1.8.0_102\bin;C:\Users\RILEY\AppData\Local\Android\android-sdk\tools;C:\Users\RILEY\AppData\Local\Android\android-sdk\platform-tools;C:\WINDOWS\system32;C:\WINDOWS;C:\WINDOWS\System32\Wbem;C:\WINDOWS\System32\WindowsPowerShell\v1.0\;C:\Python27\Scripts;C:\Program Files\Redis;C:\Program Files (x86)\Skype\Phone\;C:\Ruby23\bin;C:\Program Files (x86)\Windows Kits\8.1\Windows Performance Toolkit\;C:\Program Files\nodejs\;C:\Program Files\MySQL\MySQL Utilities 1.6\;C:\Program Files\php;C:\ProgramData\ComposerSetup\bin;C:\Go\bin;C:\Program Files\CMake\bin;C:\Program Files\pkg-config\bin;C:\MinGW\bin;C:\Program Files\PuTTY\;C:\Users\RILEY\AppData\Local\Microsoft\WindowsApps;C:\Users\RILEY\AppData\Roaming\npm;C:\Users\RILEY\AppData\Roaming\Composer\vendor\bin;C:\Python27;C:\Python27\scripts;;C:\Program Files\Git\usr\bin;C:\Program Files\Git\usr\share\vim\vim74;C:\Program Files\cmder\
10 verbose lifecycle projo@1.0.0~start: CWD: C:\Users\RILEY\Desktop\projo
11 silly lifecycle projo@1.0.0~start: Args: [ '/d /s /c', 'node --experimental-modules main.mjs' ]
12 silly lifecycle projo@1.0.0~start: Returned: code: 9  signal: null
13 info lifecycle projo@1.0.0~start: Failed to exec start script
14 verbose stack Error: projo@1.0.0 start: `node --experimental-modules main.mjs`
14 verbose stack Exit status 9
14 verbose stack     at EventEmitter.<anonymous> (C:\Users\RILEY\AppData\Roaming\npm\node_modules\npm\lib\utils\lifecycle.js:255:16)
14 verbose stack     at emitTwo (events.js:125:13)
14 verbose stack     at EventEmitter.emit (events.js:213:7)
14 verbose stack     at ChildProcess.<anonymous> (C:\Users\RILEY\AppData\Roaming\npm\node_modules\npm\lib\utils\spawn.js:40:14)
14 verbose stack     at emitTwo (events.js:125:13)
14 verbose stack     at ChildProcess.emit (events.js:213:7)
14 verbose stack     at maybeClose (internal/child_process.js:927:16)
14 verbose stack     at Process.ChildProcess._handle.onexit (internal/child_process.js:211:5)
15 verbose pkgid projo@1.0.0
16 verbose cwd C:\Users\RILEY\Desktop\projo
17 error Windows_NT 10.0.16299
18 error argv "C:\\Program Files\\nodejs\\node.exe" "C:\\Users\\RILEY\\AppData\\Roaming\\npm\\node_modules\\npm\\bin\\npm-cli.js" "start"
19 error node v8.3.0
20 error npm  v3.10.8
21 error code ELIFECYCLE
22 error projo@1.0.0 start: `node --experimental-modules main.mjs`
22 error Exit status 9
23 error Failed at the projo@1.0.0 start script 'node --experimental-modules main.mjs'.
23 error Make sure you have the latest version of node.js and npm installed.
23 error If you do, this is most likely a problem with the projo package,
23 error not with npm itself.
23 error Tell the author that this fails on your system:
23 error     node --experimental-modules main.mjs
23 error You can get information on how to open an issue for this project with:
23 error     npm bugs projo
23 error Or if that isn't available, you can get their info via:
23 error     npm owner ls projo
23 error There is likely additional logging output above.
24 verbose exit [ 1, true ]
